\BOOKMARK [0][-]{chapter.1}{Introducci\363n}{}% 1
\BOOKMARK [1][-]{section.1.1}{Motivaci\363n Y Antecedentes}{chapter.1}% 2
\BOOKMARK [1][-]{section.1.2}{Definici\363n del Problema}{chapter.1}% 3
\BOOKMARK [1][-]{section.1.3}{Hip\363tesis}{chapter.1}% 4
\BOOKMARK [1][-]{section.1.4}{Objetivos}{chapter.1}% 5
\BOOKMARK [2][-]{subsection.1.4.1}{Objetivo General}{section.1.4}% 6
\BOOKMARK [2][-]{subsection.1.4.2}{Objetivos Espec\355ficos}{section.1.4}% 7
\BOOKMARK [1][-]{section.1.5}{Metodolog\355a y Herramientas}{chapter.1}% 8
\BOOKMARK [0][-]{chapter.2}{Marco Te\363rico y Estado del Arte}{}% 9
\BOOKMARK [1][-]{section.2.1}{Conceptos T\351cnicos}{chapter.2}% 10
\BOOKMARK [2][-]{subsection.2.1.1}{Redes Vehiculares}{section.2.1}% 11
\BOOKMARK [2][-]{subsection.2.1.2}{DSRC \(Dedicated Short-Range Comunication\)}{section.2.1}% 12
\BOOKMARK [2][-]{subsection.2.1.3}{Beaconing}{section.2.1}% 13
\BOOKMARK [2][-]{subsection.2.1.4}{Nodos}{section.2.1}% 14
\BOOKMARK [1][-]{section.2.2}{Revision y Evaluaci\363n Cr\355tica del Estado del Arte}{chapter.2}% 15
\BOOKMARK [2][-]{subsection.2.2.1}{Diseminaci\363n en VANETs}{section.2.2}% 16
\BOOKMARK [2][-]{subsection.2.2.2}{Mecanismos de Diseminaci\363n Escogidos}{section.2.2}% 17
\BOOKMARK [2][-]{subsection.2.2.3}{Detecci\363n de Congesti\363n de Tr\341fico }{section.2.2}% 18
\BOOKMARK [1][-]{section.2.3}{Sistemas Context-Aware}{chapter.2}% 19
\BOOKMARK [0][-]{chapter.3}{Cronograma}{}% 20
